<?xml version="1.0" encoding="UTF-8"?>
<testsuite name="test.create.CreateCardTest" tests="1" skipped="0" failures="0" errors="0" timestamp="2023-09-01T10:44:28" hostname="MDEVPC-157" time="5.01">
  <properties/>
  <testcase name="checkCreatedCard()" classname="test.create.CreateCardTest" time="5.01"/>
  <system-out><![CDATA[]]></system-out>
  <system-err><![CDATA[]]></system-err>
</testsuite>
