<?xml version="1.0" encoding="UTF-8"?>
<testsuite name="test.create.CreateBoardValidationTest" tests="5" skipped="0" failures="0" errors="0" timestamp="2023-09-01T11:27:52" hostname="MDEVPC-157" time="4.898">
  <properties/>
  <testcase name="[1] arguments.holders.AuthValidationArgumentsHolder@62679465" classname="test.create.CreateBoardValidationTest" time="2.658"/>
  <testcase name="[2] arguments.holders.AuthValidationArgumentsHolder@29be997f" classname="test.create.CreateBoardValidationTest" time="0.548"/>
  <testcase name="[3] arguments.holders.AuthValidationArgumentsHolder@1290ed28" classname="test.create.CreateBoardValidationTest" time="0.544"/>
  <testcase name="[1] {name=1234}" classname="test.create.CreateBoardValidationTest" time="0.55"/>
  <testcase name="[2] {}" classname="test.create.CreateBoardValidationTest" time="0.586"/>
  <system-out><![CDATA[]]></system-out>
  <system-err><![CDATA[]]></system-err>
</testsuite>
