<?xml version="1.0" encoding="UTF-8"?>
<testsuite name="test.get.GetBoardsTest" tests="2" skipped="0" failures="0" errors="0" timestamp="2023-08-28T06:33:14" hostname="MDEVPC-157" time="4.263">
  <properties/>
  <testcase name="checkGetBoards()" classname="test.get.GetBoardsTest" time="2.846"/>
  <testcase name="checkGetBoard()" classname="test.get.GetBoardsTest" time="1.417"/>
  <system-out><![CDATA[]]></system-out>
  <system-err><![CDATA[]]></system-err>
</testsuite>
