<?xml version="1.0" encoding="UTF-8"?>
<testsuite name="GetBoardsValidationTest" tests="4" skipped="0" failures="0" errors="0" timestamp="2023-08-25T09:55:53" hostname="MDEVPC-157" time="4.155">
  <properties/>
  <testcase name="checkGetBoardWithInvalidAuth()" classname="GetBoardsValidationTest" time="2.18"/>
  <testcase name="checkGetBoardWithAnotherUserCredentials()" classname="GetBoardsValidationTest" time="0.616"/>
  <testcase name="[1] arguments.BoardIdValidationArgumentsHolder@5922d3e9" classname="GetBoardsValidationTest" time="0.663"/>
  <testcase name="[2] arguments.BoardIdValidationArgumentsHolder@6aa3bfc" classname="GetBoardsValidationTest" time="0.653"/>
  <system-out><![CDATA[]]></system-out>
  <system-err><![CDATA[]]></system-err>
</testsuite>
