<?xml version="1.0" encoding="UTF-8"?>
<testsuite name="test.update.UpdateBoardValidationTest" tests="6" skipped="0" failures="0" errors="0" timestamp="2023-09-05T11:53:18" hostname="MDEVPC-157" time="5.816">
  <properties/>
  <testcase name="[1] arguments.holders.AuthValidationArgumentsHolder@5f2606b" classname="test.update.UpdateBoardValidationTest" time="2.902"/>
  <testcase name="[2] arguments.holders.AuthValidationArgumentsHolder@de81be1" classname="test.update.UpdateBoardValidationTest" time="0.652"/>
  <testcase name="[3] arguments.holders.AuthValidationArgumentsHolder@5e5beb8a" classname="test.update.UpdateBoardValidationTest" time="0.582"/>
  <testcase name="checkUpdateBoardWithAnotherUserCredentials()" classname="test.update.UpdateBoardValidationTest" time="0.599"/>
  <testcase name="[1] arguments.holders.BoardIdValidationArgumentsHolder@716185fe" classname="test.update.UpdateBoardValidationTest" time="0.532"/>
  <testcase name="[2] arguments.holders.BoardIdValidationArgumentsHolder@494c8f29" classname="test.update.UpdateBoardValidationTest" time="0.536"/>
  <system-out><![CDATA[]]></system-out>
  <system-err><![CDATA[]]></system-err>
</testsuite>
