<?xml version="1.0" encoding="UTF-8"?>
<testsuite name="test.delete.DeleteBoardTest" tests="1" skipped="0" failures="0" errors="0" timestamp="2023-09-06T09:14:21" hostname="MDEVPC-157" time="6.096">
  <properties/>
  <testcase name="checkDeleteBoard()" classname="test.delete.DeleteBoardTest" time="6.096"/>
  <system-out><![CDATA[]]></system-out>
  <system-err><![CDATA[]]></system-err>
</testsuite>
