<?xml version="1.0" encoding="UTF-8"?>
<testsuite name="GetCardsValidationTest" tests="5" skipped="0" failures="0" errors="0" timestamp="2023-08-24T10:35:43" hostname="MDEVPC-157" time="24.397">
  <properties/>
  <testcase name="checkGetCardWithInvalidAuth()" classname="GetCardsValidationTest" time="7.337"/>
  <testcase name="checkGetCard()" classname="GetCardsValidationTest" time="15.444"/>
  <testcase name="checkGetCards()" classname="GetCardsValidationTest" time="0.558"/>
  <testcase name="checkGetCardWithAnotherUserCredentials()" classname="GetCardsValidationTest" time="0.508"/>
  <testcase name="checkGetCardWithInvalidId()" classname="GetCardsValidationTest" time="0.548"/>
  <system-out><![CDATA[]]></system-out>
  <system-err><![CDATA[]]></system-err>
</testsuite>
